<?xml version="1.0" encoding="UTF-8"?>
<!-- Generated by org.testng.reporters.JUnitXMLReporter -->
<testsuite ignored="16" hostname="LTIN510675" failures="0" tests="9" name="Test" time="56.804" errors="0" timestamp="2024-03-14T23:28:22 IST">
  <testcase classname="TestCases.TC_01_UserValidation" name="userValidity" time="9.683"/>
  <testcase classname="TestCases.TC_02_Clockdisplay" name="test1" time="0.127"/>
  <testcase classname="TestCases.TC_03_DateTime" name="test2" time="0.039"/>
  <testcase classname="TestCases.TC_04_BangaloreTime" name="test3" time="0.041"/>
  <testcase classname="TestCases.TC_05_LondonTIme" name="test4" time="6.974"/>
  <testcase classname="TestCases.TC_06_NeyworkTime" name="test4" time="9.992"/>
  <testcase classname="TestCases.TC_07_Timedifflondon" name="test7" time="0.119"/>
  <testcase classname="TestCases.TC_08_Timediffny" name="test7" time="0.051"/>
  <testcase classname="TestCases.TC_09_OneCognizant" name="test9" time="5.875"/>
  <testcase classname="BaseClass.BaseClass" name="@BeforeTest setup" time="0.0">
    <ignored/>
  </testcase> <!-- @BeforeTest setup -->
  <testcase classname="BaseClass.BaseClass" name="@AfterTest close" time="0.0">
    <ignored/>
  </testcase> <!-- @AfterTest close -->
  <testcase classname="BaseClass.BaseClass" name="@AfterTest close" time="0.0">
    <ignored/>
  </testcase> <!-- @AfterTest close -->
  <testcase classname="BaseClass.BaseClass" name="@BeforeTest setup" time="0.0">
    <ignored/>
  </testcase> <!-- @BeforeTest setup -->
  <testcase classname="BaseClass.BaseClass" name="@BeforeTest setup" time="0.0">
    <ignored/>
  </testcase> <!-- @BeforeTest setup -->
  <testcase classname="BaseClass.BaseClass" name="@AfterTest close" time="0.0">
    <ignored/>
  </testcase> <!-- @AfterTest close -->
  <testcase classname="BaseClass.BaseClass" name="@BeforeTest setup" time="0.0">
    <ignored/>
  </testcase> <!-- @BeforeTest setup -->
  <testcase classname="BaseClass.BaseClass" name="@BeforeTest setup" time="0.0">
    <ignored/>
  </testcase> <!-- @BeforeTest setup -->
  <testcase classname="BaseClass.BaseClass" name="@BeforeTest setup" time="0.0">
    <ignored/>
  </testcase> <!-- @BeforeTest setup -->
  <testcase classname="BaseClass.BaseClass" name="@AfterTest close" time="0.0">
    <ignored/>
  </testcase> <!-- @AfterTest close -->
  <testcase classname="BaseClass.BaseClass" name="@AfterTest close" time="0.0">
    <ignored/>
  </testcase> <!-- @AfterTest close -->
  <testcase classname="BaseClass.BaseClass" name="@AfterTest close" time="0.0">
    <ignored/>
  </testcase> <!-- @AfterTest close -->
  <testcase classname="BaseClass.BaseClass" name="@BeforeTest setup" time="0.0">
    <ignored/>
  </testcase> <!-- @BeforeTest setup -->
  <testcase classname="BaseClass.BaseClass" name="@AfterTest close" time="0.0">
    <ignored/>
  </testcase> <!-- @AfterTest close -->
  <testcase classname="BaseClass.BaseClass" name="@AfterTest close" time="0.0">
    <ignored/>
  </testcase> <!-- @AfterTest close -->
  <testcase classname="BaseClass.BaseClass" name="@BeforeTest setup" time="0.0">
    <ignored/>
  </testcase> <!-- @BeforeTest setup -->
</testsuite> <!-- Test -->
